<?xml version="1.0" encoding="UTF-8"?>
<!-- Generated by org.testng.reporters.JUnitReportReporter -->
<testsuite hostname="LAPTOP-5JGKJKHI" failures="0" tests="4" name="runner.TestRunner" time="13.153" errors="0" timestamp="2024-03-14T16:19:12 CDT" skipped="0">
  <testcase classname="runner.TestRunner" name="runScenario" time="0.023"/>
  <testcase classname="runner.TestRunner" name="runScenario" time="0.013"/>
  <testcase classname="runner.TestRunner" name="runScenario" time="0.010"/>
  <testcase classname="runner.TestRunner" name="runScenario" time="13.107"/>
</testsuite> <!-- runner.TestRunner -->
